<?xml version="1.0" encoding="UTF-8"?>
<!-- Generated by org.testng.reporters.JUnitReportReporter -->
<testsuite skipped="0" hostname="DESKTOP-JCJ8HOK" name="testng.CheckBox1" tests="2" failures="0" timestamp="25 Sep 2023 10:42:36 GMT" time="23.664" errors="0">
  <testcase name="checkboxTest" time="16.705" classname="testng.CheckBox1"/>
  <testcase name="checkboxTest" time="6.959" classname="testng.CheckBox1"/>
</testsuite> <!-- testng.CheckBox1 -->
