<?xml version="1.0" encoding="UTF-8"?>
<!-- Generated by org.testng.reporters.JUnitReportReporter -->
<testsuite skipped="0" hostname="DESKTOP-JCJ8HOK" name="suiteB.TestB3" tests="1" failures="0" timestamp="25 Sep 2023 11:07:55 GMT" time="0.000" errors="0">
  <testcase name="testB3" time="0.000" classname="suiteB.TestB3"/>
</testsuite> <!-- suiteB.TestB3 -->
