<?xml version="1.0" encoding="UTF-8"?>
<!-- Generated by org.testng.reporters.JUnitReportReporter -->
<testsuite skipped="0" hostname="DESKTOP-JCJ8HOK" name="testng.LinksTesting1" tests="2" failures="0" timestamp="25 Sep 2023 10:42:36 GMT" time="19.023" errors="0">
  <testcase name="linktesting1" time="11.717" classname="testng.LinksTesting1"/>
  <testcase name="linktesting1" time="7.306" classname="testng.LinksTesting1"/>
</testsuite> <!-- testng.LinksTesting1 -->
