<?xml version="1.0" encoding="UTF-8"?>
<!-- Generated by org.testng.reporters.JUnitReportReporter -->
<testsuite skipped="0" hostname="DESKTOP-JCJ8HOK" name="suiteA.TestA2" tests="1" failures="0" timestamp="25 Sep 2023 11:07:55 GMT" time="0.006" errors="0">
  <testcase name="testA2" time="0.006" classname="suiteA.TestA2"/>
</testsuite> <!-- suiteA.TestA2 -->
