<?xml version="1.0" encoding="UTF-8"?>
<!-- Generated by org.testng.reporters.JUnitReportReporter -->
<testsuite skipped="0" hostname="DESKTOP-JCJ8HOK" name="testng.TNG_003" tests="2" failures="0" timestamp="25 Sep 2023 10:42:36 GMT" time="30.288" errors="0">
  <testcase name="amazon" time="13.440" classname="testng.TNG_003"/>
  <testcase name="amazon" time="16.848" classname="testng.TNG_003"/>
</testsuite> <!-- testng.TNG_003 -->
