<?xml version="1.0" encoding="UTF-8"?>
<!-- Generated by org.testng.reporters.JUnitReportReporter -->
<testsuite skipped="1" hostname="DESKTOP-JCJ8HOK" name="testng.TNG_002" tests="3" failures="0" timestamp="22 Sep 2023 10:53:15 GMT" time="0.025" errors="0">
  <testcase name="f" time="0.018" classname="testng.TNG_002"/>
  <testcase name="a" time="0.007" classname="testng.TNG_002"/>
  <testcase name="z" classname="testng.TNG_002">
    <skipped/>
  </testcase> <!-- z -->
</testsuite> <!-- testng.TNG_002 -->
