<?xml version="1.0" encoding="UTF-8"?>
<!-- Generated by org.testng.reporters.JUnitReportReporter -->
<testsuite skipped="0" hostname="DESKTOP-JCJ8HOK" name="testng.TNG_001" tests="1" failures="0" timestamp="22 Sep 2023 10:53:15 GMT" time="0.014" errors="0">
  <testcase name="f" time="0.014" classname="testng.TNG_001"/>
</testsuite> <!-- testng.TNG_001 -->
