<?xml version="1.0" encoding="UTF-8"?>
<!-- Generated by org.testng.reporters.JUnitReportReporter -->
<testsuite skipped="0" hostname="DESKTOP-JCJ8HOK" name="testng.RadioButton1" tests="2" failures="0" timestamp="25 Sep 2023 10:42:36 GMT" time="30.344" errors="0">
  <testcase name="radioButtonTest" time="17.274" classname="testng.RadioButton1"/>
  <testcase name="radioButtonTest" time="13.070" classname="testng.RadioButton1"/>
</testsuite> <!-- testng.RadioButton1 -->
