<?xml version="1.0" encoding="UTF-8"?>
<!-- Generated by org.testng.reporters.JUnitReportReporter -->
<testsuite skipped="0" hostname="DESKTOP-JCJ8HOK" name="testng.TNG_003" tests="1" failures="0" timestamp="22 Sep 2023 10:53:16 GMT" time="20.022" errors="0">
  <testcase name="amazon" time="20.022" classname="testng.TNG_003"/>
</testsuite> <!-- testng.TNG_003 -->
